<?xml version="1.0" encoding="UTF-8"?>
<testsuite name="com.example.pact.PactJVMTest" tests="1" skipped="0" failures="0" errors="0" timestamp="2018-01-21T15:54:26" hostname="ORD02107.local" time="1.79">
  <properties/>
  <testcase name="runTest" classname="com.example.pact.PactJVMTest" time="1.79"/>
  <system-out><![CDATA[16:54:27.291 [Test worker] DEBUG io.netty.util.internal.logging.InternalLoggerFactory - Using SLF4J as the default logging framework
16:54:27.299 [Test worker] DEBUG io.netty.channel.MultithreadEventLoopGroup - -Dio.netty.eventLoopThreads: 16
16:54:27.306 [Test worker] DEBUG io.netty.util.internal.PlatformDependent0 - java.nio.Buffer.address: available
16:54:27.306 [Test worker] DEBUG io.netty.util.internal.PlatformDependent0 - sun.misc.Unsafe.theUnsafe: available
16:54:27.306 [Test worker] DEBUG io.netty.util.internal.PlatformDependent0 - sun.misc.Unsafe.copyMemory: available
16:54:27.307 [Test worker] DEBUG io.netty.util.internal.PlatformDependent0 - java.nio.Bits.unaligned: true
16:54:27.320 [Test worker] DEBUG io.netty.util.internal.PlatformDependent - UID: 502
16:54:27.320 [Test worker] DEBUG io.netty.util.internal.PlatformDependent - Java version: 8
16:54:27.320 [Test worker] DEBUG io.netty.util.internal.PlatformDependent - -Dio.netty.noUnsafe: false
16:54:27.320 [Test worker] DEBUG io.netty.util.internal.PlatformDependent - sun.misc.Unsafe: available
16:54:27.321 [Test worker] DEBUG io.netty.util.internal.PlatformDependent - -Dio.netty.noJavassist: false
16:54:27.322 [Test worker] DEBUG io.netty.util.internal.PlatformDependent - Javassist: unavailable
16:54:27.322 [Test worker] DEBUG io.netty.util.internal.PlatformDependent - You don't have Javassist in your class path or you don't have enough permission to load dynamically generated classes.  Please check the configuration for better performance.
16:54:27.322 [Test worker] DEBUG io.netty.util.internal.PlatformDependent - -Dio.netty.tmpdir: /var/folders/9t/mxsm7t8n6v5cr6phgr95_9xm0000gp/T (java.io.tmpdir)
16:54:27.322 [Test worker] DEBUG io.netty.util.internal.PlatformDependent - -Dio.netty.bitMode: 64 (sun.arch.data.model)
16:54:27.323 [Test worker] DEBUG io.netty.util.internal.PlatformDependent - -Dio.netty.noPreferDirect: false
16:54:27.338 [Test worker] DEBUG io.netty.channel.nio.NioEventLoop - -Dio.netty.noKeySetOptimization: false
16:54:27.338 [Test worker] DEBUG io.netty.channel.nio.NioEventLoop - -Dio.netty.selectorAutoRebuildThreshold: 512
16:54:27.360 [Test worker] DEBUG io.netty.util.internal.ThreadLocalRandom - -Dio.netty.initialSeedUniquifier: 0x7d5681fe42f072bc (took 0 ms)
16:54:27.383 [Test worker] DEBUG io.netty.buffer.ByteBufUtil - -Dio.netty.allocator.type: unpooled
16:54:27.383 [Test worker] DEBUG io.netty.buffer.ByteBufUtil - -Dio.netty.threadLocalDirectBufferSize: 65536
16:54:27.388 [Test worker] DEBUG io.netty.util.NetUtil - Loopback interface: lo0 (lo0, 0:0:0:0:0:0:0:1)
16:54:27.388 [Test worker] DEBUG io.netty.util.NetUtil - /proc/sys/net/core/somaxconn: 128 (non-existent)
16:54:28.004 [Test worker] DEBUG org.apache.http.impl.conn.BasicClientConnectionManager - Get connection for route {}->http://localhost:8080
16:54:28.013 [Test worker] DEBUG org.apache.http.impl.conn.DefaultClientConnectionOperator - Connecting to localhost:8080
16:54:28.031 [Test worker] DEBUG org.apache.http.client.protocol.RequestAddCookies - CookieSpec selected: ignoreCookies
16:54:28.033 [Test worker] DEBUG org.apache.http.client.protocol.RequestAuthCache - Auth cache not set in the context
16:54:28.033 [Test worker] DEBUG org.apache.http.client.protocol.RequestTargetAuthentication - Target auth state: UNCHALLENGED
16:54:28.033 [Test worker] DEBUG org.apache.http.client.protocol.RequestProxyAuthentication - Proxy auth state: UNCHALLENGED
16:54:28.034 [Test worker] DEBUG org.apache.http.impl.client.DefaultHttpClient - Attempt 1 to execute request
16:54:28.034 [Test worker] DEBUG org.apache.http.impl.conn.DefaultClientConnection - Sending request: GET /greetings/shane HTTP/1.1
16:54:28.034 [Test worker] DEBUG org.apache.http.wire -  >> "GET /greetings/shane HTTP/1.1[\r][\n]"
16:54:28.035 [Test worker] DEBUG org.apache.http.wire -  >> "Accept: */*[\r][\n]"
16:54:28.036 [Test worker] DEBUG org.apache.http.wire -  >> "Content-Length: 0[\r][\n]"
16:54:28.036 [Test worker] DEBUG org.apache.http.wire -  >> "Host: localhost:8080[\r][\n]"
16:54:28.036 [Test worker] DEBUG org.apache.http.wire -  >> "Connection: Keep-Alive[\r][\n]"
16:54:28.036 [Test worker] DEBUG org.apache.http.wire -  >> "User-Agent: Apache-HttpClient/4.5.2 (Java/1.8.0_45)[\r][\n]"
16:54:28.036 [Test worker] DEBUG org.apache.http.wire -  >> "Accept-Encoding: gzip,deflate[\r][\n]"
16:54:28.037 [Test worker] DEBUG org.apache.http.wire -  >> "[\r][\n]"
16:54:28.037 [Test worker] DEBUG org.apache.http.headers - >> GET /greetings/shane HTTP/1.1
16:54:28.037 [Test worker] DEBUG org.apache.http.headers - >> Accept: */*
16:54:28.037 [Test worker] DEBUG org.apache.http.headers - >> Content-Length: 0
16:54:28.037 [Test worker] DEBUG org.apache.http.headers - >> Host: localhost:8080
16:54:28.037 [Test worker] DEBUG org.apache.http.headers - >> Connection: Keep-Alive
16:54:28.037 [Test worker] DEBUG org.apache.http.headers - >> User-Agent: Apache-HttpClient/4.5.2 (Java/1.8.0_45)
16:54:28.038 [Test worker] DEBUG org.apache.http.headers - >> Accept-Encoding: gzip,deflate
16:54:28.045 [nioEventLoopGroup-3-1] DEBUG io.netty.util.ResourceLeakDetector - -Dio.netty.leakDetectionLevel: simple
16:54:28.071 [nioEventLoopGroup-3-1] DEBUG io.netty.util.Recycler - -Dio.netty.recycler.maxCapacity.default: 262144
16:54:28.075 [nioEventLoopGroup-3-1] DEBUG io.netty.util.internal.Cleaner0 - java.nio.ByteBuffer.cleaner(): available
16:54:28.137 [nioEventLoopGroup-3-1] DEBUG au.com.dius.pact.consumer.UnfilteredMockProvider - Received request: 	method: GET
	path: /greetings/shane
	query: [:]
	headers: [Connection:Keep-Alive, Content-Length:0, Accept:*/*, Accept-Encoding:gzip,deflate, User-Agent:Apache-HttpClient/4.5.2 (Java/1.8.0_45), Host:localhost:8080]
	matchers: [:]
	body: au.com.dius.pact.model.OptionalBody(EMPTY, )
16:54:28.156 [nioEventLoopGroup-3-1] DEBUG au.com.dius.pact.model.RequestMatching$ - comparing to expected request: 
	method: GET
	path: /greetings/shane
	query: null
	headers: [:]
	matchers: [:]
	body: au.com.dius.pact.model.OptionalBody(MISSING, null)
16:54:28.201 [nioEventLoopGroup-3-1] DEBUG au.com.dius.pact.model.Matching$ - No matcher for text/plain, using equality
16:54:28.202 [nioEventLoopGroup-3-1] DEBUG au.com.dius.pact.model.RequestMatching$ - Request mismatch: List()
16:54:28.204 [nioEventLoopGroup-3-1] DEBUG au.com.dius.pact.consumer.UnfilteredMockProvider - Generating response: 	status: 200 
	headers: [Content-Type:application/json;charset=UTF-8] 
	matchers: [:] 
	body: au.com.dius.pact.model.OptionalBody(PRESENT, {"name":"shane","salutation":"Mr."})
16:54:28.211 [Test worker] DEBUG org.apache.http.wire -  << "HTTP/1.1 200 OK[\r][\n]"
16:54:28.213 [Test worker] DEBUG org.apache.http.wire -  << "Content-Type: application/json;charset=UTF-8[\r][\n]"
16:54:28.213 [Test worker] DEBUG org.apache.http.wire -  << "Connection: keep-alive[\r][\n]"
16:54:28.213 [Test worker] DEBUG org.apache.http.wire -  << "Content-Length: 35[\r][\n]"
16:54:28.213 [Test worker] DEBUG org.apache.http.wire -  << "[\r][\n]"
16:54:28.214 [Test worker] DEBUG org.apache.http.impl.conn.DefaultClientConnection - Receiving response: HTTP/1.1 200 OK
16:54:28.214 [Test worker] DEBUG org.apache.http.headers - << HTTP/1.1 200 OK
16:54:28.214 [Test worker] DEBUG org.apache.http.headers - << Content-Type: application/json;charset=UTF-8
16:54:28.214 [Test worker] DEBUG org.apache.http.headers - << Connection: keep-alive
16:54:28.214 [Test worker] DEBUG org.apache.http.headers - << Content-Length: 35
16:54:28.218 [Test worker] DEBUG org.apache.http.impl.client.DefaultHttpClient - Connection can be kept alive indefinitely
16:54:28.231 [Test worker] DEBUG io.restassured.internal.RequestSpecificationImpl$RestAssuredHttpBuilder - Parsing response as: application/json;charset=UTF-8
16:54:28.231 [Test worker] DEBUG io.restassured.internal.RequestSpecificationImpl$RestAssuredHttpBuilder - Parsed data to instance of: class org.apache.http.conn.EofSensorInputStream
16:54:28.311 [Test worker] DEBUG org.apache.http.wire -  << "{"name":"shane","salutation":"Mr."}"
16:54:28.312 [Test worker] DEBUG org.apache.http.impl.conn.BasicClientConnectionManager - Releasing connection org.apache.http.impl.conn.ManagedClientConnectionImpl@4b9a1ce7
16:54:28.312 [Test worker] DEBUG org.apache.http.impl.conn.BasicClientConnectionManager - Connection can be kept alive indefinitely
16:54:28.672 [Test worker] DEBUG au.com.dius.pact.consumer.PactGenerator - Writing pact jvmConsumer -> provider1 to file /Users/andreasevers/repos/pact-demo-shavo007/jvmConsumer/build/pacts/jvmConsumer-provider1.json
]]></system-out>
  <system-err><![CDATA[]]></system-err>
</testsuite>
