<?xml version="1.0" encoding="UTF-8"?>
<testsuite name="com.example.pact.app.RestConsumerTest" tests="1" skipped="0" failures="0" errors="0" timestamp="2018-01-30T20:05:57" hostname="ORD02107.local" time="2.555">
  <properties/>
  <testcase name="runTest" classname="com.example.pact.app.RestConsumerTest" time="2.555"/>
  <system-out><![CDATA[21:05:58.290 [Test worker] DEBUG org.apache.http.client.protocol.RequestAddCookies - CookieSpec selected: default
21:05:58.304 [Test worker] DEBUG org.apache.http.client.protocol.RequestAuthCache - Auth cache not set in the context
21:05:58.305 [Test worker] DEBUG org.apache.http.impl.conn.PoolingHttpClientConnectionManager - Connection request: [route: {}->http://localhost:8080][total kept alive: 0; route allocated: 0 of 100; total allocated: 0 of 200]
21:05:58.323 [Test worker] DEBUG org.apache.http.impl.conn.PoolingHttpClientConnectionManager - Connection leased: [id: 0][route: {}->http://localhost:8080][total kept alive: 0; route allocated: 1 of 100; total allocated: 1 of 200]
21:05:58.324 [Test worker] DEBUG org.apache.http.impl.execchain.MainClientExec - Opening connection {}->http://localhost:8080
21:05:58.327 [Test worker] DEBUG org.apache.http.impl.conn.DefaultHttpClientConnectionOperator - Connecting to localhost/127.0.0.1:8080
21:05:58.334 [Test worker] DEBUG org.apache.http.impl.conn.DefaultHttpClientConnectionOperator - Connection established 127.0.0.1:60124<->127.0.0.1:8080
21:05:58.334 [Test worker] DEBUG org.apache.http.impl.execchain.MainClientExec - Executing request OPTIONS / HTTP/1.1
21:05:58.334 [Test worker] DEBUG org.apache.http.impl.execchain.MainClientExec - Target auth state: UNCHALLENGED
21:05:58.335 [Test worker] DEBUG org.apache.http.impl.execchain.MainClientExec - Proxy auth state: UNCHALLENGED
21:05:58.337 [Test worker] DEBUG org.apache.http.headers - http-outgoing-0 >> OPTIONS / HTTP/1.1
21:05:58.338 [Test worker] DEBUG org.apache.http.headers - http-outgoing-0 >> X-PACT-BOOTCHECK: true
21:05:58.338 [Test worker] DEBUG org.apache.http.headers - http-outgoing-0 >> Host: localhost:8080
21:05:58.338 [Test worker] DEBUG org.apache.http.headers - http-outgoing-0 >> Connection: Keep-Alive
21:05:58.338 [Test worker] DEBUG org.apache.http.headers - http-outgoing-0 >> User-Agent: Apache-HttpClient/4.5.3 (Java/1.8.0_45)
21:05:58.338 [Test worker] DEBUG org.apache.http.headers - http-outgoing-0 >> Accept-Encoding: gzip,deflate
21:05:58.338 [Test worker] DEBUG org.apache.http.wire - http-outgoing-0 >> "OPTIONS / HTTP/1.1[\r][\n]"
21:05:58.339 [Test worker] DEBUG org.apache.http.wire - http-outgoing-0 >> "X-PACT-BOOTCHECK: true[\r][\n]"
21:05:58.339 [Test worker] DEBUG org.apache.http.wire - http-outgoing-0 >> "Host: localhost:8080[\r][\n]"
21:05:58.339 [Test worker] DEBUG org.apache.http.wire - http-outgoing-0 >> "Connection: Keep-Alive[\r][\n]"
21:05:58.339 [Test worker] DEBUG org.apache.http.wire - http-outgoing-0 >> "User-Agent: Apache-HttpClient/4.5.3 (Java/1.8.0_45)[\r][\n]"
21:05:58.339 [Test worker] DEBUG org.apache.http.wire - http-outgoing-0 >> "Accept-Encoding: gzip,deflate[\r][\n]"
21:05:58.339 [Test worker] DEBUG org.apache.http.wire - http-outgoing-0 >> "[\r][\n]"
21:05:58.350 [Test worker] DEBUG org.apache.http.wire - http-outgoing-0 << "HTTP/1.1 200 OK[\r][\n]"
21:05:58.350 [Test worker] DEBUG org.apache.http.wire - http-outgoing-0 << "Date: Tue, 30 Jan 2018 20:05:58 GMT[\r][\n]"
21:05:58.350 [Test worker] DEBUG org.apache.http.wire - http-outgoing-0 << "Transfer-encoding: chunked[\r][\n]"
21:05:58.351 [Test worker] DEBUG org.apache.http.wire - http-outgoing-0 << "X-pact-bootcheck: true[\r][\n]"
21:05:58.351 [Test worker] DEBUG org.apache.http.wire - http-outgoing-0 << "[\r][\n]"
21:05:58.354 [Test worker] DEBUG org.apache.http.headers - http-outgoing-0 << HTTP/1.1 200 OK
21:05:58.354 [Test worker] DEBUG org.apache.http.headers - http-outgoing-0 << Date: Tue, 30 Jan 2018 20:05:58 GMT
21:05:58.354 [Test worker] DEBUG org.apache.http.headers - http-outgoing-0 << Transfer-encoding: chunked
21:05:58.355 [Test worker] DEBUG org.apache.http.headers - http-outgoing-0 << X-pact-bootcheck: true
21:05:58.361 [Test worker] DEBUG org.apache.http.impl.execchain.MainClientExec - Connection can be kept alive indefinitely
21:05:59.050 [Test worker] DEBUG org.apache.http.impl.conn.BasicClientConnectionManager - Get connection for route {}->http://localhost:8080
21:05:59.055 [Test worker] DEBUG org.apache.http.impl.conn.DefaultClientConnectionOperator - Connecting to localhost:8080
21:05:59.071 [Test worker] DEBUG org.apache.http.client.protocol.RequestAddCookies - CookieSpec selected: ignoreCookies
21:05:59.071 [Test worker] DEBUG org.apache.http.client.protocol.RequestAuthCache - Auth cache not set in the context
21:05:59.072 [Test worker] DEBUG org.apache.http.client.protocol.RequestTargetAuthentication - Target auth state: UNCHALLENGED
21:05:59.072 [Test worker] DEBUG org.apache.http.client.protocol.RequestProxyAuthentication - Proxy auth state: UNCHALLENGED
21:05:59.072 [Test worker] DEBUG org.apache.http.impl.client.DefaultHttpClient - Attempt 1 to execute request
21:05:59.072 [Test worker] DEBUG org.apache.http.impl.conn.DefaultClientConnection - Sending request: GET /greetings/shane HTTP/1.1
21:05:59.073 [Test worker] DEBUG org.apache.http.wire -  >> "GET /greetings/shane HTTP/1.1[\r][\n]"
21:05:59.073 [Test worker] DEBUG org.apache.http.wire -  >> "Accept: */*[\r][\n]"
21:05:59.073 [Test worker] DEBUG org.apache.http.wire -  >> "Content-Length: 0[\r][\n]"
21:05:59.073 [Test worker] DEBUG org.apache.http.wire -  >> "Host: localhost:8080[\r][\n]"
21:05:59.073 [Test worker] DEBUG org.apache.http.wire -  >> "Connection: Keep-Alive[\r][\n]"
21:05:59.074 [Test worker] DEBUG org.apache.http.wire -  >> "User-Agent: Apache-HttpClient/4.5.3 (Java/1.8.0_45)[\r][\n]"
21:05:59.074 [Test worker] DEBUG org.apache.http.wire -  >> "Accept-Encoding: gzip,deflate[\r][\n]"
21:05:59.074 [Test worker] DEBUG org.apache.http.wire -  >> "[\r][\n]"
21:05:59.074 [Test worker] DEBUG org.apache.http.headers - >> GET /greetings/shane HTTP/1.1
21:05:59.074 [Test worker] DEBUG org.apache.http.headers - >> Accept: */*
21:05:59.074 [Test worker] DEBUG org.apache.http.headers - >> Content-Length: 0
21:05:59.074 [Test worker] DEBUG org.apache.http.headers - >> Host: localhost:8080
21:05:59.074 [Test worker] DEBUG org.apache.http.headers - >> Connection: Keep-Alive
21:05:59.074 [Test worker] DEBUG org.apache.http.headers - >> User-Agent: Apache-HttpClient/4.5.3 (Java/1.8.0_45)
21:05:59.074 [Test worker] DEBUG org.apache.http.headers - >> Accept-Encoding: gzip,deflate
21:05:59.093 [Thread-5] DEBUG au.com.dius.pact.consumer.BaseMockServer - Received request: 	method: GET
	path: /greetings/shane
	query: [:]
	headers: [Accept-encoding:gzip,deflate, Accept:*/*, Connection:Keep-Alive, Host:localhost:8080, User-agent:Apache-HttpClient/4.5.3 (Java/1.8.0_45), Content-length:0]
	matchers: MatchingRules(rules=[:])
	generators: Generators(categories={})
	body: OptionalBody(state=EMPTY, value=)
21:05:59.221 [Thread-5] DEBUG au.com.dius.pact.model.RequestMatching$ - comparing to expected request: 
	method: GET
	path: /greetings/shane
	query: [:]
	headers: [:]
	matchers: MatchingRules(rules=[:])
	generators: Generators(categories={})
	body: OptionalBody(state=MISSING, value=null)
21:05:59.481 [Thread-5] DEBUG au.com.dius.pact.model.Matching$ - Found a matcher for text/plain -> au.com.dius.pact.matchers.PlainTextBodyMatcher@1e371fd3
21:05:59.492 [Thread-5] DEBUG au.com.dius.pact.model.RequestMatching$ - Request mismatch: List()
21:05:59.555 [Thread-5] DEBUG au.com.dius.pact.consumer.BaseMockServer - Generating response: 	status: 200
	headers: [Content-Type:application/json;charset=UTF-8]
	matchers: MatchingRules(rules=[body:Category(name=body, matchingRules={})])
	generators: Generators(categories={})
	body: OptionalBody(state=PRESENT, value={"name":"shane","salutation":"Mr."})
21:05:59.557 [Test worker] DEBUG org.apache.http.wire -  << "HTTP/1.1 200 OK[\r][\n]"
21:05:59.557 [Test worker] DEBUG org.apache.http.wire -  << "Date: Tue, 30 Jan 2018 20:05:59 GMT[\r][\n]"
21:05:59.557 [Test worker] DEBUG org.apache.http.wire -  << "Content-length: 35[\r][\n]"
21:05:59.557 [Test worker] DEBUG org.apache.http.wire -  << "Content-Type: application/json;charset=UTF-8[\r][\n]"
21:05:59.558 [Test worker] DEBUG org.apache.http.wire -  << "[\r][\n]"
21:05:59.558 [Test worker] DEBUG org.apache.http.impl.conn.DefaultClientConnection - Receiving response: HTTP/1.1 200 OK
21:05:59.558 [Test worker] DEBUG org.apache.http.headers - << HTTP/1.1 200 OK
21:05:59.558 [Test worker] DEBUG org.apache.http.headers - << Date: Tue, 30 Jan 2018 20:05:59 GMT
21:05:59.558 [Test worker] DEBUG org.apache.http.headers - << Content-length: 35
21:05:59.558 [Test worker] DEBUG org.apache.http.headers - << Content-Type: application/json;charset=UTF-8
21:05:59.559 [Test worker] DEBUG org.apache.http.impl.client.DefaultHttpClient - Connection can be kept alive indefinitely
21:05:59.573 [Test worker] DEBUG io.restassured.internal.RequestSpecificationImpl$RestAssuredHttpBuilder - Parsing response as: application/json;charset=UTF-8
21:05:59.573 [Test worker] DEBUG io.restassured.internal.RequestSpecificationImpl$RestAssuredHttpBuilder - Parsed data to instance of: class org.apache.http.conn.EofSensorInputStream
21:05:59.683 [Test worker] DEBUG org.apache.http.wire -  << "{"name":"shane","salutation":"Mr."}"
21:05:59.684 [Test worker] DEBUG org.apache.http.impl.conn.BasicClientConnectionManager - Releasing connection org.apache.http.impl.conn.ManagedClientConnectionImpl@46515f04
21:05:59.684 [Test worker] DEBUG org.apache.http.impl.conn.BasicClientConnectionManager - Connection can be kept alive indefinitely
21:06:00.141 [Test worker] DEBUG au.com.dius.pact.consumer.BaseMockServer - Writing pact jvmConsumer-rest -> provider1 to file /Users/andreasevers/repos/pact-demo-shavo007/jvmConsumer/build/pacts/jvmConsumer-rest-provider1.json
]]></system-out>
  <system-err><![CDATA[]]></system-err>
</testsuite>
